[2020-12-01 06:00:10.542] [exthost] [info] extension host started
[2020-12-01 06:00:10.542] [exthost] [info] ExtensionService#_doActivateExtension vscode.debug-auto-launch {"startup":true,"extensionId":{"value":"vscode.debug-auto-launch","_lower":"vscode.debug-auto-launch"},"activationEvent":"*"}
[2020-12-01 06:00:10.542] [exthost] [info] ExtensionService#loadCommonJSModule file:///home/pucci/.vscode-server/bin/e5a624b788d92b8d34d1392e4c4d9789406efe8f/extensions/debug-auto-launch/dist/extension
[2020-12-01 06:00:10.542] [exthost] [info] ExtensionService#_doActivateExtension vscode.emmet {"startup":true,"extensionId":{"value":"vscode.emmet","_lower":"vscode.emmet"},"activationEvent":"*"}
[2020-12-01 06:00:10.542] [exthost] [info] ExtensionService#loadCommonJSModule file:///home/pucci/.vscode-server/bin/e5a624b788d92b8d34d1392e4c4d9789406efe8f/extensions/emmet/dist/node/emmetNodeMain
[2020-12-01 06:00:10.542] [exthost] [info] ExtensionService#_doActivateExtension vscode.git {"startup":true,"extensionId":{"value":"vscode.github","_lower":"vscode.github"},"activationEvent":"*"}
[2020-12-01 06:00:10.542] [exthost] [info] ExtensionService#loadCommonJSModule file:///home/pucci/.vscode-server/bin/e5a624b788d92b8d34d1392e4c4d9789406efe8f/extensions/git/dist/main
[2020-12-01 06:00:10.542] [exthost] [info] ExtensionService#_doActivateExtension vscode.merge-conflict {"startup":true,"extensionId":{"value":"vscode.merge-conflict","_lower":"vscode.merge-conflict"},"activationEvent":"*"}
[2020-12-01 06:00:10.542] [exthost] [info] ExtensionService#loadCommonJSModule file:///home/pucci/.vscode-server/bin/e5a624b788d92b8d34d1392e4c4d9789406efe8f/extensions/merge-conflict/dist/mergeConflictMain
[2020-12-01 06:00:10.542] [exthost] [info] ExtensionService#_doActivateExtension vscode.search-result {"startup":true,"extensionId":{"value":"vscode.search-result","_lower":"vscode.search-result"},"activationEvent":"*"}
[2020-12-01 06:00:10.542] [exthost] [info] ExtensionService#loadCommonJSModule file:///home/pucci/.vscode-server/bin/e5a624b788d92b8d34d1392e4c4d9789406efe8f/extensions/search-result/dist/extension.js
[2020-12-01 06:00:10.544] [exthost] [info] ExtensionService#_doActivateExtension vscode.npm {"startup":true,"extensionId":{"value":"vscode.npm","_lower":"vscode.npm"},"activationEvent":"workspaceContains:package.json"}
[2020-12-01 06:00:10.544] [exthost] [info] ExtensionService#loadCommonJSModule file:///home/pucci/.vscode-server/bin/e5a624b788d92b8d34d1392e4c4d9789406efe8f/extensions/npm/dist/npmMain
[2020-12-01 06:00:10.883] [exthost] [info] ExtensionService#_doActivateExtension vscode.github {"startup":true,"extensionId":{"value":"vscode.github","_lower":"vscode.github"},"activationEvent":"*"}
[2020-12-01 06:00:10.884] [exthost] [info] ExtensionService#loadCommonJSModule file:///home/pucci/.vscode-server/bin/e5a624b788d92b8d34d1392e4c4d9789406efe8f/extensions/github/dist/extension.js
[2020-12-01 06:00:10.935] [exthost] [info] ExtensionService#_doActivateExtension ms-vscode.js-debug {"startup":false,"extensionId":{"value":"ms-vscode.js-debug","_lower":"ms-vscode.js-debug"},"activationEvent":"onCommand:extension.js-debug.clearAutoAttachVariables"}
[2020-12-01 06:00:10.935] [exthost] [info] ExtensionService#loadCommonJSModule file:///home/pucci/.vscode-server/bin/e5a624b788d92b8d34d1392e4c4d9789406efe8f/extensions/ms-vscode.js-debug/src/extension.js
[2020-12-01 06:00:11.110] [exthost] [info] eager extensions activated
[2020-12-01 06:01:54.049] [exthost] [info] ExtensionService#_doActivateExtension vscode.typescript-language-features {"startup":false,"extensionId":{"value":"vscode.typescript-language-features","_lower":"vscode.typescript-language-features"},"activationEvent":"onLanguage:javascript"}
[2020-12-01 06:01:54.049] [exthost] [info] ExtensionService#loadCommonJSModule file:///home/pucci/.vscode-server/bin/e5a624b788d92b8d34d1392e4c4d9789406efe8f/extensions/typescript-language-features/dist/extension
[2020-12-01 06:03:41.495] [exthost] [info] ExtensionService#_doActivateExtension vscode.extension-editing {"startup":false,"extensionId":{"value":"vscode.extension-editing","_lower":"vscode.extension-editing"},"activationEvent":"onLanguage:typescript"}
[2020-12-01 06:03:41.495] [exthost] [info] ExtensionService#loadCommonJSModule file:///home/pucci/.vscode-server/bin/e5a624b788d92b8d34d1392e4c4d9789406efe8f/extensions/extension-editing/dist/extensionEditingMain
